# JRE version: Java(TM) SE Runtime Environment (8.0_51-b16) (build 1.8.0_51-b16)
# Java VM: Java HotSpot(TM) 64-Bit Server VM (25.51-b03 mixed mode windows-amd64 compressed oops)
Heap:
 PSYoungGen      total 56832K, used 42999K [0x0000000780b00000, 0x0000000787a00000, 0x00000007c0000000)
  eden space 49152K, 71% used [0x0000000780b00000,0x0000000782d82cb8,0x0000000783b00000)
  from space 7680K, 99% used [0x0000000783b00000,0x000000078427b030,0x0000000784280000)
  to   space 7680K, 0% used [0x0000000787280000,0x0000000787280000,0x0000000787a00000)
 ParOldGen       total 130048K, used 19115K [0x0000000702000000, 0x0000000709f00000, 0x0000000780b00000)
  object space 130048K, 14% used [0x0000000702000000,0x00000007032aae50,0x0000000709f00000)
 Metaspace       used 20674K, capacity 20992K, committed 21248K, reserved 1067008K
  class space    used 2653K, capacity 2752K, committed 2816K, reserved 1048576K
GC Heap History (6 events):
Event: 0.978 GC heap before
{Heap before GC invocations=1 (full 0):
 PSYoungGen      total 56832K, used 49152K [0x0000000780b00000, 0x0000000784a00000, 0x00000007c0000000)
  eden space 49152K, 100% used [0x0000000780b00000,0x0000000783b00000,0x0000000783b00000)
  from space 7680K, 0% used [0x0000000784280000,0x0000000784280000,0x0000000784a00000)
  to   space 7680K, 0% used [0x0000000783b00000,0x0000000783b00000,0x0000000784280000)
 ParOldGen       total 130048K, used 0K [0x0000000702000000, 0x0000000709f00000, 0x0000000780b00000)
  object space 130048K, 0% used [0x0000000702000000,0x0000000702000000,0x0000000709f00000)
 Metaspace       used 6707K, capacity 6824K, committed 7040K, reserved 1056768K
  class space    used 772K, capacity 820K, committed 896K, reserved 1048576K
Event: 0.986 GC heap after
Heap after GC invocations=1 (full 0):
 PSYoungGen      total 56832K, used 7669K [0x0000000780b00000, 0x0000000784a00000, 0x00000007c0000000)
  eden space 49152K, 0% used [0x0000000780b00000,0x0000000780b00000,0x0000000783b00000)
  from space 7680K, 99% used [0x0000000783b00000,0x000000078427d608,0x0000000784280000)
  to   space 7680K, 0% used [0x0000000784280000,0x0000000784280000,0x0000000784a00000)
 ParOldGen       total 130048K, used 1607K [0x0000000702000000, 0x0000000709f00000, 0x0000000780b00000)
  object space 130048K, 1% used [0x0000000702000000,0x0000000702191cf8,0x0000000709f00000)
 Metaspace       used 6707K, capacity 6824K, committed 7040K, reserved 1056768K
  class space    used 772K, capacity 820K, committed 896K, reserved 1048576K
}
Event: 1.668 GC heap before
{Heap before GC invocations=2 (full 0):
 PSYoungGen      total 56832K, used 56821K [0x0000000780b00000, 0x0000000784a00000, 0x00000007c0000000)
  eden space 49152K, 100% used [0x0000000780b00000,0x0000000783b00000,0x0000000783b00000)
  from space 7680K, 99% used [0x0000000783b00000,0x000000078427d608,0x0000000784280000)
  to   space 7680K, 0% used [0x0000000784280000,0x0000000784280000,0x0000000784a00000)
 ParOldGen       total 130048K, used 1607K [0x0000000702000000, 0x0000000709f00000, 0x0000000780b00000)
  object space 130048K, 1% used [0x0000000702000000,0x0000000702191cf8,0x0000000709f00000)
 Metaspace       used 11439K, capacity 11540K, committed 11776K, reserved 1058816K
  class space    used 1467K, capacity 1494K, committed 1536K, reserved 1048576K
Event: 1.682 GC heap after
Heap after GC invocations=2 (full 0):
 PSYoungGen      total 56832K, used 7650K [0x0000000780b00000, 0x0000000787a00000, 0x00000007c0000000)
  eden space 49152K, 0% used [0x0000000780b00000,0x0000000780b00000,0x0000000783b00000)
  from space 7680K, 99% used [0x0000000784280000,0x00000007849f8938,0x0000000784a00000)
  to   space 7680K, 0% used [0x0000000783b00000,0x0000000783b00000,0x0000000784280000)
 ParOldGen       total 130048K, used 9912K [0x0000000702000000, 0x0000000709f00000, 0x0000000780b00000)
  object space 130048K, 7% used [0x0000000702000000,0x00000007029ae168,0x0000000709f00000)
 Metaspace       used 11439K, capacity 11540K, committed 11776K, reserved 1058816K
  class space    used 1467K, capacity 1494K, committed 1536K, reserved 1048576K
}
Event: 2.826 GC heap before
{Heap before GC invocations=3 (full 0):
 PSYoungGen      total 56832K, used 56802K [0x0000000780b00000, 0x0000000787a00000, 0x00000007c0000000)
  eden space 49152K, 100% used [0x0000000780b00000,0x0000000783b00000,0x0000000783b00000)
  from space 7680K, 99% used [0x0000000784280000,0x00000007849f8938,0x0000000784a00000)
  to   space 7680K, 0% used [0x0000000783b00000,0x0000000783b00000,0x0000000784280000)
 ParOldGen       total 130048K, used 9912K [0x0000000702000000, 0x0000000709f00000, 0x0000000780b00000)
  object space 130048K, 7% used [0x0000000702000000,0x00000007029ae168,0x0000000709f00000)
 Metaspace       used 18143K, capacity 18340K, committed 18688K, reserved 1064960K
  class space    used 2387K, capacity 2472K, committed 2560K, reserved 1048576K
Event: 2.852 GC heap after
Heap after GC invocations=3 (full 0):
 PSYoungGen      total 56832K, used 7660K [0x0000000780b00000, 0x0000000787a00000, 0x00000007c0000000)
  eden space 49152K, 0% used [0x0000000780b00000,0x0000000780b00000,0x0000000783b00000)
  from space 7680K, 99% used [0x0000000783b00000,0x000000078427b030,0x0000000784280000)
  to   space 7680K, 0% used [0x0000000787280000,0x0000000787280000,0x0000000787a00000)
 ParOldGen       total 130048K, used 19115K [0x0000000702000000, 0x0000000709f00000, 0x0000000780b00000)
  object space 130048K, 14% used [0x0000000702000000,0x00000007032aae50,0x0000000709f00000)
 Metaspace       used 18143K, capacity 18340K, committed 18688K, reserved 1064960K
  class space    used 2387K, capacity 2472K, committed 2560K, reserved 1048576K
}

